This is pdfTeX, Version 3.141592653-2.6-1.40.24 (TeX Live 2022/CVE-2023-32700 patched) (preloaded format=pdflatex 2023.10.17)  20 DEC 2023 22:40
entering extended mode
 restricted \write18 enabled.
 %&-line parsing enabled.
**report.tex
(./report.tex
LaTeX2e <2022-06-01> patch level 5
L3 programming layer <2022-12-17>
(/usr/share/texlive/texmf-dist/tex/latex/ieeetran/IEEEtran.cls
Document Class: IEEEtran 2015/08/26 V1.8b by Michael Shell
-- See the "IEEEtran_HOWTO" manual for usage information.
-- http://www.michaelshell.org/tex/ieeetran/
\@IEEEtrantmpdimenA=\dimen140
\@IEEEtrantmpdimenB=\dimen141
\@IEEEtrantmpdimenC=\dimen142
\@IEEEtrantmpcountA=\count185
\@IEEEtrantmpcountB=\count186
\@IEEEtrantmpcountC=\count187
\@IEEEtrantmptoksA=\toks16
LaTeX Font Info:    Trying to load font information for OT1+ptm on input line 5
03.
(/usr/share/texlive/texmf-dist/tex/latex/psnfss/ot1ptm.fd
File: ot1ptm.fd 2001/06/04 font definitions for OT1/ptm.
)
-- Using 8.5in x 11in (letter) paper.
-- Using PDF output.
\@IEEEnormalsizeunitybaselineskip=\dimen143
-- This is a 10 point document.
\CLASSINFOnormalsizebaselineskip=\dimen144
\CLASSINFOnormalsizeunitybaselineskip=\dimen145
\IEEEnormaljot=\dimen146
LaTeX Font Info:    Font shape `OT1/ptm/bx/n' in size <5> not available
(Font)              Font shape `OT1/ptm/b/n' tried instead on input line 1090.
LaTeX Font Info:    Font shape `OT1/ptm/bx/it' in size <5> not available
(Font)              Font shape `OT1/ptm/b/it' tried instead on input line 1090.

LaTeX Font Info:    Font shape `OT1/ptm/bx/n' in size <7> not available
(Font)              Font shape `OT1/ptm/b/n' tried instead on input line 1090.
LaTeX Font Info:    Font shape `OT1/ptm/bx/it' in size <7> not available
(Font)              Font shape `OT1/ptm/b/it' tried instead on input line 1090.

LaTeX Font Info:    Font shape `OT1/ptm/bx/n' in size <8> not available
(Font)              Font shape `OT1/ptm/b/n' tried instead on input line 1090.
LaTeX Font Info:    Font shape `OT1/ptm/bx/it' in size <8> not available
(Font)              Font shape `OT1/ptm/b/it' tried instead on input line 1090.

LaTeX Font Info:    Font shape `OT1/ptm/bx/n' in size <9> not available
(Font)              Font shape `OT1/ptm/b/n' tried instead on input line 1090.
LaTeX Font Info:    Font shape `OT1/ptm/bx/it' in size <9> not available
(Font)              Font shape `OT1/ptm/b/it' tried instead on input line 1090.

LaTeX Font Info:    Font shape `OT1/ptm/bx/n' in size <10> not available
(Font)              Font shape `OT1/ptm/b/n' tried instead on input line 1090.
LaTeX Font Info:    Font shape `OT1/ptm/bx/it' in size <10> not available
(Font)              Font shape `OT1/ptm/b/it' tried instead on input line 1090.

LaTeX Font Info:    Font shape `OT1/ptm/bx/n' in size <11> not available
(Font)              Font shape `OT1/ptm/b/n' tried instead on input line 1090.
LaTeX Font Info:    Font shape `OT1/ptm/bx/it' in size <11> not available
(Font)              Font shape `OT1/ptm/b/it' tried instead on input line 1090.

LaTeX Font Info:    Font shape `OT1/ptm/bx/n' in size <12> not available
(Font)              Font shape `OT1/ptm/b/n' tried instead on input line 1090.
LaTeX Font Info:    Font shape `OT1/ptm/bx/it' in size <12> not available
(Font)              Font shape `OT1/ptm/b/it' tried instead on input line 1090.

LaTeX Font Info:    Font shape `OT1/ptm/bx/n' in size <17> not available
(Font)              Font shape `OT1/ptm/b/n' tried instead on input line 1090.
LaTeX Font Info:    Font shape `OT1/ptm/bx/it' in size <17> not available
(Font)              Font shape `OT1/ptm/b/it' tried instead on input line 1090.

LaTeX Font Info:    Font shape `OT1/ptm/bx/n' in size <20> not available
(Font)              Font shape `OT1/ptm/b/n' tried instead on input line 1090.
LaTeX Font Info:    Font shape `OT1/ptm/bx/it' in size <20> not available
(Font)              Font shape `OT1/ptm/b/it' tried instead on input line 1090.

LaTeX Font Info:    Font shape `OT1/ptm/bx/n' in size <24> not available
(Font)              Font shape `OT1/ptm/b/n' tried instead on input line 1090.
LaTeX Font Info:    Font shape `OT1/ptm/bx/it' in size <24> not available
(Font)              Font shape `OT1/ptm/b/it' tried instead on input line 1090.

\IEEEquantizedlength=\dimen147
\IEEEquantizedlengthdiff=\dimen148
\IEEEquantizedtextheightdiff=\dimen149
\IEEEilabelindentA=\dimen150
\IEEEilabelindentB=\dimen151
\IEEEilabelindent=\dimen152
\IEEEelabelindent=\dimen153
\IEEEdlabelindent=\dimen154
\IEEElabelindent=\dimen155
\IEEEiednormlabelsep=\dimen156
\IEEEiedmathlabelsep=\dimen157
\IEEEiedtopsep=\skip47
\c@section=\count188
\c@subsection=\count189
\c@subsubsection=\count190
\c@paragraph=\count191
\c@IEEEsubequation=\count192
\abovecaptionskip=\skip48
\belowcaptionskip=\skip49
\c@figure=\count193
\c@table=\count194
\@IEEEeqnnumcols=\count195
\@IEEEeqncolcnt=\count196
\@IEEEsubeqnnumrollback=\count197
\@IEEEquantizeheightA=\dimen158
\@IEEEquantizeheightB=\dimen159
\@IEEEquantizeheightC=\dimen160
\@IEEEquantizeprevdepth=\dimen161
\@IEEEquantizemultiple=\count198
\@IEEEquantizeboxA=\box51
\@IEEEtmpitemindent=\dimen162
\IEEEPARstartletwidth=\dimen163
\c@IEEEbiography=\count199
\@IEEEtranrubishbin=\box52
)
** ATTENTION: Overriding command lockouts (line 2).
(/usr/share/texlive/texmf-dist/tex/latex/cite/cite.sty
LaTeX Info: Redefining \cite on input line 302.
LaTeX Info: Redefining \nocite on input line 332.
Package: cite 2015/02/27  v 5.5
)
(/usr/share/texlive/texmf-dist/tex/latex/amsmath/amsmath.sty
Package: amsmath 2022/04/08 v2.17n AMS math features
\@mathmargin=\skip50

For additional information on amsmath, use the `?' option.
(/usr/share/texlive/texmf-dist/tex/latex/amsmath/amstext.sty
Package: amstext 2021/08/26 v2.01 AMS text

(/usr/share/texlive/texmf-dist/tex/latex/amsmath/amsgen.sty
File: amsgen.sty 1999/11/30 v2.0 generic functions
\@emptytoks=\toks17
\ex@=\dimen164
))
(/usr/share/texlive/texmf-dist/tex/latex/amsmath/amsbsy.sty
Package: amsbsy 1999/11/29 v1.2d Bold Symbols
\pmbraise@=\dimen165
)
(/usr/share/texlive/texmf-dist/tex/latex/amsmath/amsopn.sty
Package: amsopn 2022/04/08 v2.04 operator names
)
\inf@bad=\count266
LaTeX Info: Redefining \frac on input line 234.
\uproot@=\count267
\leftroot@=\count268
LaTeX Info: Redefining \overline on input line 399.
LaTeX Info: Redefining \colon on input line 410.
\classnum@=\count269
\DOTSCASE@=\count270
LaTeX Info: Redefining \ldots on input line 496.
LaTeX Info: Redefining \dots on input line 499.
LaTeX Info: Redefining \cdots on input line 620.
\Mathstrutbox@=\box53
\strutbox@=\box54
LaTeX Info: Redefining \big on input line 722.
LaTeX Info: Redefining \Big on input line 723.
LaTeX Info: Redefining \bigg on input line 724.
LaTeX Info: Redefining \Bigg on input line 725.
\big@size=\dimen166
LaTeX Font Info:    Redeclaring font encoding OML on input line 743.
LaTeX Font Info:    Redeclaring font encoding OMS on input line 744.
\macc@depth=\count271
LaTeX Info: Redefining \bmod on input line 905.
LaTeX Info: Redefining \pmod on input line 910.
LaTeX Info: Redefining \smash on input line 940.
LaTeX Info: Redefining \relbar on input line 970.
LaTeX Info: Redefining \Relbar on input line 971.
\c@MaxMatrixCols=\count272
\dotsspace@=\muskip16
\c@parentequation=\count273
\dspbrk@lvl=\count274
\tag@help=\toks18
\row@=\count275
\column@=\count276
\maxfields@=\count277
\andhelp@=\toks19
\eqnshift@=\dimen167
\alignsep@=\dimen168
\tagshift@=\dimen169
\tagwidth@=\dimen170
\totwidth@=\dimen171
\lineht@=\dimen172
\@envbody=\toks20
\multlinegap=\skip51
\multlinetaggap=\skip52
\mathdisplay@stack=\toks21
LaTeX Info: Redefining \[ on input line 2953.
LaTeX Info: Redefining \] on input line 2954.
)
(/usr/share/texlive/texmf-dist/tex/latex/amsfonts/amssymb.sty
Package: amssymb 2013/01/14 v3.01 AMS font symbols

(/usr/share/texlive/texmf-dist/tex/latex/amsfonts/amsfonts.sty
Package: amsfonts 2013/01/14 v3.01 Basic AMSFonts support
\symAMSa=\mathgroup4
\symAMSb=\mathgroup5
LaTeX Font Info:    Redeclaring math symbol \hbar on input line 98.
LaTeX Font Info:    Overwriting math alphabet `\mathfrak' in version `bold'
(Font)                  U/euf/m/n --> U/euf/b/n on input line 106.
))
(/usr/share/texlive/texmf-dist/tex/latex/algorithms/algorithmic.sty
Package: algorithmic 2009/08/24 v0.1 Document Style `algorithmic'

(/usr/share/texlive/texmf-dist/tex/latex/base/ifthen.sty
Package: ifthen 2022/04/13 v1.1d Standard LaTeX ifthen package (DPC)
)
(/usr/share/texlive/texmf-dist/tex/latex/graphics/keyval.sty
Package: keyval 2022/05/29 v1.15 key=value parser (DPC)
\KV@toks@=\toks22
)
\c@ALC@unique=\count278
\c@ALC@line=\count279
\c@ALC@rem=\count280
\c@ALC@depth=\count281
\ALC@tlm=\skip53
\algorithmicindent=\skip54
)
(/usr/share/texlive/texmf-dist/tex/latex/graphics/graphicx.sty
Package: graphicx 2021/09/16 v1.2d Enhanced LaTeX Graphics (DPC,SPQR)

(/usr/share/texlive/texmf-dist/tex/latex/graphics/graphics.sty
Package: graphics 2022/03/10 v1.4e Standard LaTeX Graphics (DPC,SPQR)

(/usr/share/texlive/texmf-dist/tex/latex/graphics/trig.sty
Package: trig 2021/08/11 v1.11 sin cos tan (DPC)
)
(/usr/share/texlive/texmf-dist/tex/latex/graphics-cfg/graphics.cfg
File: graphics.cfg 2016/06/04 v1.11 sample graphics configuration
)
Package graphics Info: Driver file: pdftex.def on input line 107.

(/usr/share/texlive/texmf-dist/tex/latex/graphics-def/pdftex.def
File: pdftex.def 2022/09/22 v1.2b Graphics/color driver for pdftex
))
\Gin@req@height=\dimen173
\Gin@req@width=\dimen174
)
(/usr/share/texlive/texmf-dist/tex/latex/base/textcomp.sty
Package: textcomp 2020/02/02 v2.0n Standard LaTeX package
)
(/usr/share/texlive/texmf-dist/tex/latex/xcolor/xcolor.sty
Package: xcolor 2022/06/12 v2.14 LaTeX color extensions (UK)

(/usr/share/texlive/texmf-dist/tex/latex/graphics-cfg/color.cfg
File: color.cfg 2016/01/02 v1.6 sample color configuration
)
Package xcolor Info: Driver file: pdftex.def on input line 227.

(/usr/share/texlive/texmf-dist/tex/latex/graphics/mathcolor.ltx)
Package xcolor Info: Model `cmy' substituted by `cmy0' on input line 1353.
Package xcolor Info: Model `hsb' substituted by `rgb' on input line 1357.
Package xcolor Info: Model `RGB' extended on input line 1369.
Package xcolor Info: Model `HTML' substituted by `rgb' on input line 1371.
Package xcolor Info: Model `Hsb' substituted by `hsb' on input line 1372.
Package xcolor Info: Model `tHsb' substituted by `hsb' on input line 1373.
Package xcolor Info: Model `HSB' substituted by `hsb' on input line 1374.
Package xcolor Info: Model `Gray' substituted by `gray' on input line 1375.
Package xcolor Info: Model `wave' substituted by `hsb' on input line 1376.
)
(/usr/share/texlive/texmf-dist/tex/latex/fancyhdr/fancyhdr.sty
Package: fancyhdr 2022/11/09 v4.1 Extensive control of page headers and footers

\f@nch@headwidth=\skip55
\f@nch@O@elh=\skip56
\f@nch@O@erh=\skip57
\f@nch@O@olh=\skip58
\f@nch@O@orh=\skip59
\f@nch@O@elf=\skip60
\f@nch@O@erf=\skip61
\f@nch@O@olf=\skip62
\f@nch@O@orf=\skip63
)
(/usr/share/texlive/texmf-dist/tex/latex/hyperref/hyperref.sty
Package: hyperref 2022-11-13 v7.00u Hypertext links for LaTeX

(/usr/share/texlive/texmf-dist/tex/generic/ltxcmds/ltxcmds.sty
Package: ltxcmds 2020-05-10 v1.25 LaTeX kernel commands for general use (HO)
)
(/usr/share/texlive/texmf-dist/tex/generic/iftex/iftex.sty
Package: iftex 2022/02/03 v1.0f TeX engine tests
)
(/usr/share/texlive/texmf-dist/tex/generic/pdftexcmds/pdftexcmds.sty
Package: pdftexcmds 2020-06-27 v0.33 Utility functions of pdfTeX for LuaTeX (HO
)

(/usr/share/texlive/texmf-dist/tex/generic/infwarerr/infwarerr.sty
Package: infwarerr 2019/12/03 v1.5 Providing info/warning/error messages (HO)
)
Package pdftexcmds Info: \pdf@primitive is available.
Package pdftexcmds Info: \pdf@ifprimitive is available.
Package pdftexcmds Info: \pdfdraftmode found.
)
(/usr/share/texlive/texmf-dist/tex/latex/kvsetkeys/kvsetkeys.sty
Package: kvsetkeys 2022-10-05 v1.19 Key value parser (HO)
)
(/usr/share/texlive/texmf-dist/tex/generic/kvdefinekeys/kvdefinekeys.sty
Package: kvdefinekeys 2019-12-19 v1.6 Define keys (HO)
)
(/usr/share/texlive/texmf-dist/tex/generic/pdfescape/pdfescape.sty
Package: pdfescape 2019/12/09 v1.15 Implements pdfTeX's escape features (HO)
)
(/usr/share/texlive/texmf-dist/tex/latex/hycolor/hycolor.sty
Package: hycolor 2020-01-27 v1.10 Color options for hyperref/bookmark (HO)
)
(/usr/share/texlive/texmf-dist/tex/latex/letltxmacro/letltxmacro.sty
Package: letltxmacro 2019/12/03 v1.6 Let assignment for LaTeX macros (HO)
)
(/usr/share/texlive/texmf-dist/tex/latex/auxhook/auxhook.sty
Package: auxhook 2019-12-17 v1.6 Hooks for auxiliary files (HO)
)
(/usr/share/texlive/texmf-dist/tex/latex/hyperref/nameref.sty
Package: nameref 2022-05-17 v2.50 Cross-referencing by name of section

(/usr/share/texlive/texmf-dist/tex/latex/refcount/refcount.sty
Package: refcount 2019/12/15 v3.6 Data extraction from label references (HO)
)
(/usr/share/texlive/texmf-dist/tex/generic/gettitlestring/gettitlestring.sty
Package: gettitlestring 2019/12/15 v1.6 Cleanup title references (HO)

(/usr/share/texlive/texmf-dist/tex/latex/kvoptions/kvoptions.sty
Package: kvoptions 2022-06-15 v3.15 Key value format for package options (HO)
))
\c@section@level=\count282
)
\@linkdim=\dimen175
\Hy@linkcounter=\count283
\Hy@pagecounter=\count284

(/usr/share/texlive/texmf-dist/tex/latex/hyperref/pd1enc.def
File: pd1enc.def 2022-11-13 v7.00u Hyperref: PDFDocEncoding definition (HO)
Now handling font encoding PD1 ...
... no UTF-8 mapping file for font encoding PD1
)
(/usr/share/texlive/texmf-dist/tex/generic/intcalc/intcalc.sty
Package: intcalc 2019/12/15 v1.3 Expandable calculations with integers (HO)
)
(/usr/share/texlive/texmf-dist/tex/generic/etexcmds/etexcmds.sty
Package: etexcmds 2019/12/15 v1.7 Avoid name clashes with e-TeX commands (HO)
)
\Hy@SavedSpaceFactor=\count285

(/usr/share/texlive/texmf-dist/tex/latex/hyperref/puenc.def
File: puenc.def 2022-11-13 v7.00u Hyperref: PDF Unicode definition (HO)
Now handling font encoding PU ...
... no UTF-8 mapping file for font encoding PU
)
Package hyperref Info: Hyper figures OFF on input line 4162.
Package hyperref Info: Link nesting OFF on input line 4167.
Package hyperref Info: Hyper index ON on input line 4170.
Package hyperref Info: Plain pages OFF on input line 4177.
Package hyperref Info: Backreferencing OFF on input line 4182.
Package hyperref Info: Implicit mode ON; LaTeX internals redefined.
Package hyperref Info: Bookmarks ON on input line 4410.
\c@Hy@tempcnt=\count286

(/usr/share/texlive/texmf-dist/tex/latex/url/url.sty
\Urlmuskip=\muskip17
Package: url 2013/09/16  ver 3.4  Verb mode for urls, etc.
)
LaTeX Info: Redefining \url on input line 4748.
\XeTeXLinkMargin=\dimen176

(/usr/share/texlive/texmf-dist/tex/generic/bitset/bitset.sty
Package: bitset 2019/12/09 v1.3 Handle bit-vector datatype (HO)

(/usr/share/texlive/texmf-dist/tex/generic/bigintcalc/bigintcalc.sty
Package: bigintcalc 2019/12/15 v1.5 Expandable calculations on big integers (HO
)
))
\Fld@menulength=\count287
\Field@Width=\dimen177
\Fld@charsize=\dimen178
Package hyperref Info: Hyper figures OFF on input line 6027.
Package hyperref Info: Link nesting OFF on input line 6032.
Package hyperref Info: Hyper index ON on input line 6035.
Package hyperref Info: backreferencing OFF on input line 6042.
Package hyperref Info: Link coloring OFF on input line 6047.
Package hyperref Info: Link coloring with OCG OFF on input line 6052.
Package hyperref Info: PDF/A mode OFF on input line 6057.

(/usr/share/texlive/texmf-dist/tex/latex/base/atbegshi-ltx.sty
Package: atbegshi-ltx 2021/01/10 v1.0c Emulation of the original atbegshi
package with kernel methods
)
\Hy@abspage=\count288
\c@Item=\count289
\c@Hfootnote=\count290
)
Package hyperref Info: Driver (autodetected): hpdftex.

(/usr/share/texlive/texmf-dist/tex/latex/hyperref/hpdftex.def
File: hpdftex.def 2022-11-13 v7.00u Hyperref driver for pdfTeX

(/usr/share/texlive/texmf-dist/tex/latex/base/atveryend-ltx.sty
Package: atveryend-ltx 2020/08/19 v1.0a Emulation of the original atveryend pac
kage
with kernel methods
)
\Fld@listcount=\count291
\c@bookmark@seq@number=\count292

(/usr/share/texlive/texmf-dist/tex/latex/rerunfilecheck/rerunfilecheck.sty
Package: rerunfilecheck 2022-07-10 v1.10 Rerun checks for auxiliary files (HO)

(/usr/share/texlive/texmf-dist/tex/generic/uniquecounter/uniquecounter.sty
Package: uniquecounter 2019/12/15 v1.4 Provide unlimited unique counter (HO)
)
Package uniquecounter Info: New unique counter `rerunfilecheck' on input line 2
85.
)
\Hy@SectionHShift=\skip64
)
(/usr/share/texlive/texmf-dist/tex/latex/sttools/stfloats.sty
Package: stfloats 2017/03/27 v3.3 Improve float mechanism and baselineskip sett
ings
\@dblbotnum=\count293
\c@dblbotnumber=\count294
)
(/usr/share/texlive/texmf-dist/tex/generic/ulem/ulem.sty
\UL@box=\box55
\UL@hyphenbox=\box56
\UL@skip=\skip65
\UL@hook=\toks23
\UL@height=\dimen179
\UL@pe=\count295
\UL@pixel=\dimen180
\ULC@box=\box57
Package: ulem 2019/11/18
\ULdepth=\dimen181
)
(/usr/share/texlive/texmf-dist/tex/latex/tools/array.sty
Package: array 2022/09/04 v2.5g Tabular extension package (FMi)
\col@sep=\dimen182
\ar@mcellbox=\box58
\extrarowheight=\dimen183
\NC@list=\toks24
\extratabsurround=\skip66
\backup@length=\skip67
\ar@cellbox=\box59
)
(/usr/share/texlive/texmf-dist/tex/latex/tools/tabularx.sty
Package: tabularx 2020/01/15 v2.11c `tabularx' package (DPC)
\TX@col@width=\dimen184
\TX@old@table=\dimen185
\TX@old@col=\dimen186
\TX@target=\dimen187
\TX@delta=\dimen188
\TX@cols=\count296
\TX@ftn=\toks25
)
(/usr/share/texlive/texmf-dist/tex/latex/booktabs/booktabs.sty
Package: booktabs 2020/01/12 v1.61803398 Publication quality tables
\heavyrulewidth=\dimen189
\lightrulewidth=\dimen190
\cmidrulewidth=\dimen191
\belowrulesep=\dimen192
\belowbottomsep=\dimen193
\aboverulesep=\dimen194
\abovetopsep=\dimen195
\cmidrulesep=\dimen196
\cmidrulekern=\dimen197
\defaultaddspace=\dimen198
\@cmidla=\count297
\@cmidlb=\count298
\@aboverulesep=\dimen199
\@belowrulesep=\dimen256
\@thisruleclass=\count299
\@lastruleclass=\count300
\@thisrulewidth=\dimen257
)
(/usr/share/texlive/texmf-dist/tex/latex/psnfss/times.sty
Package: times 2020/03/25 PSNFSS-v9.3 (SPQR) 
)
(/usr/share/texlive/texmf-dist/tex/latex/l3backend/l3backend-pdftex.def
File: l3backend-pdftex.def 2022-10-26 L3 backend support: PDF output (pdfTeX)
\l__color_backend_stack_int=\count301
\l__pdf_internal_box=\box60
)
(./report.aux)
\openout1 = `report.aux'.

LaTeX Font Info:    Checking defaults for OML/cmm/m/it on input line 31.
LaTeX Font Info:    ... okay on input line 31.
LaTeX Font Info:    Checking defaults for OMS/cmsy/m/n on input line 31.
LaTeX Font Info:    ... okay on input line 31.
LaTeX Font Info:    Checking defaults for OT1/cmr/m/n on input line 31.
LaTeX Font Info:    ... okay on input line 31.
LaTeX Font Info:    Checking defaults for T1/cmr/m/n on input line 31.
LaTeX Font Info:    ... okay on input line 31.
LaTeX Font Info:    Checking defaults for TS1/cmr/m/n on input line 31.
LaTeX Font Info:    ... okay on input line 31.
LaTeX Font Info:    Checking defaults for OMX/cmex/m/n on input line 31.
LaTeX Font Info:    ... okay on input line 31.
LaTeX Font Info:    Checking defaults for U/cmr/m/n on input line 31.
LaTeX Font Info:    ... okay on input line 31.
LaTeX Font Info:    Checking defaults for PD1/pdf/m/n on input line 31.
LaTeX Font Info:    ... okay on input line 31.
LaTeX Font Info:    Checking defaults for PU/pdf/m/n on input line 31.
LaTeX Font Info:    ... okay on input line 31.

-- Lines per column: 56 (exact).
(/usr/share/texlive/texmf-dist/tex/context/base/mkii/supp-pdf.mkii
[Loading MPS to PDF converter (version 2006.09.02).]
\scratchcounter=\count302
\scratchdimen=\dimen258
\scratchbox=\box61
\nofMPsegments=\count303
\nofMParguments=\count304
\everyMPshowfont=\toks26
\MPscratchCnt=\count305
\MPscratchDim=\dimen259
\MPnumerator=\count306
\makeMPintoPDFobject=\count307
\everyMPtoPDFconversion=\toks27
) (/usr/share/texlive/texmf-dist/tex/latex/epstopdf-pkg/epstopdf-base.sty
Package: epstopdf-base 2020-01-24 v2.11 Base part for package epstopdf
Package epstopdf-base Info: Redefining graphics rule for `.eps' on input line 4
85.

(/usr/share/texlive/texmf-dist/tex/latex/latexconfig/epstopdf-sys.cfg
File: epstopdf-sys.cfg 2010/07/13 v1.3 Configuration of (r)epstopdf for TeX Liv
e
))
Package hyperref Info: Link coloring OFF on input line 31.

(./report.out) (./report.out)
\@outlinefile=\write3
\openout3 = `report.out'.


Overfull \hbox (26.89536pt too wide) in paragraph at lines 66--66
 [] 
 []


Overfull \hbox (26.89536pt too wide) in paragraph at lines 66--66
 [] 
 []


Overfull \hbox (26.89536pt too wide) in paragraph at lines 66--66
 [] 
 []

(/usr/share/texlive/texmf-dist/tex/latex/amsfonts/umsa.fd)
(/usr/share/texlive/texmf-dist/tex/latex/amsfonts/umsb.fd)
Underfull \hbox (badness 10000) in paragraph at lines 100--100
[]|\OT1/ptm/b/n/8 Pronunciation
 []


Underfull \hbox (badness 10000) in paragraph at lines 100--100
[]|\OT1/ptm/b/n/8 Random
 []

<src/all-classes.pdf, id=95, 619.35388pt x 320.1561pt>
File: src/all-classes.pdf Graphic file (type pdf)
<use src/all-classes.pdf>
Package pdftex.def Info: src/all-classes.pdf  used on input line 117.
(pdftex.def)             Requested size: 448.07378pt x 231.62114pt.
[1{/var/lib/texmf/fonts/map/pdftex/updmap/pdftex.map}


]
<src/record layout remove.png, id=107, 1263.72125pt x 1162.3425pt>
File: src/record layout remove.png Graphic file (type png)
<use src/record layout remove.png>
Package pdftex.def Info: src/record layout remove.png  used on input line 143.
(pdftex.def)             Requested size: 252.0pt x 231.77267pt.
<src/flowchart.pdf, id=109, 311.24278pt x 431.69278pt>
File: src/flowchart.pdf Graphic file (type pdf)
<use src/flowchart.pdf>
Package pdftex.def Info: src/flowchart.pdf  used on input line 149.
(pdftex.def)             Requested size: 224.03743pt x 310.74611pt.
LaTeX Font Info:    Trying to load font information for OT1+pcr on input line 1
56.

(/usr/share/texlive/texmf-dist/tex/latex/psnfss/ot1pcr.fd
File: ot1pcr.fd 2001/06/04 font definitions for OT1/pcr.
)
Underfull \hbox (badness 2326) in paragraph at lines 155--157
[]\OT1/ptm/b/n/10 User In-ter-face (UI)\OT1/ptm/m/n/10 : The pri-mary com-po-ne
nts of
 []


Underfull \hbox (badness 10000) in paragraph at lines 155--157
\OT1/pcr/m/n/10 res/layout/fragment_record.xml\OT1/ptm/m/n/10 . The
 []


Underfull \hbox (badness 6032) in paragraph at lines 155--157
\OT1/ptm/m/n/10 cor-re-spond-ing class di-a-gram il-lus-trates the ob-ject
 []


Underfull \hbox (badness 3579) in paragraph at lines 155--157
\OT1/ptm/m/n/10 struc-ture in Fig-ure []5[]. Ini-tially, the UI lay-out is
 []


Underfull \hbox (badness 4120) in paragraph at lines 155--157
\OT1/ptm/m/n/10 as shown in the schematic Fig-ure []2[]. In-ter-ac-tion
 []


Underfull \hbox (badness 5374) in paragraph at lines 155--157
\OT1/ptm/m/n/10 and vis-i-bil-ity of dif-fer-ent UI el-e-ments, such as
 []


Underfull \hbox (badness 10000) in paragraph at lines 155--157
\OT1/ptm/m/n/10 but-tons, are con-trolled in \OT1/pcr/m/n/10 RecordFragment
 []


Underfull \hbox (badness 10000) in paragraph at lines 155--157
\OT1/ptm/m/n/10 by mod-i-fy-ing their vis-i-bil-ity at-tributes (vis-i-ble,
 []


Underfull \hbox (badness 10000) in paragraph at lines 155--157
\OT1/ptm/m/n/10 while the View-Group in-cludes \OT1/pcr/m/n/10 FrameLayout\OT1/
ptm/m/n/10 ,
 []

[2 <./src/all-classes.pdf>]
<src/record-sequence.pdf, id=298, 408.56638pt x 688.49219pt>
File: src/record-sequence.pdf Graphic file (type pdf)
<use src/record-sequence.pdf>
Package pdftex.def Info: src/record-sequence.pdf  used on input line 159.
(pdftex.def)             Requested size: 252.0pt x 424.65459pt.
 [3 <./src/record layout remove.png> <./src/flowchart.pdf> <./src/record-sequen
ce.pdf

pdfTeX warning: /usr/bin/pdflatex (file ./src/record-sequence.pdf): PDF inclusi
on: multiple pdfs with page group included in a single page
>]
<src/record part.pdf, id=310, 619.35388pt x 410.49359pt>
File: src/record part.pdf Graphic file (type pdf)
<use src/record part.pdf>
Package pdftex.def Info: src/record part.pdf  used on input line 169.
(pdftex.def)             Requested size: 448.07378pt x 296.97699pt.


LaTeX Warning: Reference `fig:datahelper' on page 4 undefined on input line 175
.


Underfull \vbox (badness 10000) has occurred while \output is active []

 [4 <./src/record part.pdf>] (/usr/share/texlive/texmf-dist/tex/latex/psnfss/om
lptm.fd)
Underfull \hbox (badness 1888) in paragraph at lines 212--214
\OT1/ptm/m/n/10 the His-tory and Li-brary parts is pri-mar-ily de-fined
 []


Underfull \hbox (badness 10000) in paragraph at lines 212--214
\OT1/ptm/m/n/10 in \OT1/pcr/m/n/10 res/layout/fragment_history.xml
 []


Underfull \hbox (badness 10000) in paragraph at lines 212--214
\OT1/ptm/m/n/10 and \OT1/pcr/m/n/10 res/layout/fragment_library.xml\OT1/ptm/m/n
/10 ,
 []


Underfull \hbox (badness 10000) in paragraph at lines 212--214
\OT1/ptm/m/n/10 re-spec-tively. These frag-ments uti-lize an
 []


Underfull \hbox (badness 10000) in paragraph at lines 212--214
\OT1/pcr/m/n/10 ExpandableListView \OT1/ptm/m/n/10 to dis-play the data
 []


Underfull \hbox (badness 10000) in paragraph at lines 212--214
\OT1/ptm/m/n/10 in a hi-er-ar-chi-cal man-ner. The cus-tom adapter
 []


Underfull \hbox (badness 10000) in paragraph at lines 212--214
\OT1/pcr/m/n/10 CustomExpandableListAdapter \OT1/ptm/m/n/10 is em-ployed
 []

<src/history layout remove.png, id=387, 1325.95375pt x 1178.4025pt>
File: src/history layout remove.png Graphic file (type png)
<use src/history layout remove.png>
Package pdftex.def Info: src/history layout remove.png  used on input line 220.

(pdftex.def)             Requested size: 289.07999pt x 256.91182pt.
<src/history library part.pdf, id=388, 513.83968pt x 568.04218pt>
File: src/history library part.pdf Graphic file (type pdf)
<use src/history library part.pdf>
Package pdftex.def Info: src/history library part.pdf  used on input line 227.
(pdftex.def)             Requested size: 448.07378pt x 495.36284pt.
[5 <./src/history layout remove.png>]
Underfull \vbox (badness 10000) has occurred while \output is active []

 [6 <./src/history library part.pdf>]
Underfull \hbox (badness 7433) in paragraph at lines 247--248
[]\OT1/pcr/m/n/10 getRecordingsGroupedByPart \OT1/ptm/m/n/10 method in
 []


Underfull \hbox (badness 10000) in paragraph at lines 249--250
[]\OT1/pcr/m/n/10 LinkedHashMap<String, List<String>>
 []


Underfull \hbox (badness 10000) in paragraph at lines 249--250
\OT1/ptm/m/n/10 for stor-ing these group-ings is strate-gic.
 []


Underfull \hbox (badness 5607) in paragraph at lines 249--250
\OT1/ptm/m/n/10 Linked-HashMap main-tains the in-ser-tion or-der,
 []


Underfull \hbox (badness 2012) in paragraph at lines 249--250
\OT1/ptm/m/n/10 which is cru-cial for pre-sent-ing the data in a
 []


Underfull \hbox (badness 2781) in paragraph at lines 249--250
\OT1/ptm/m/n/10 pre-dictable and or-derly man-ner, en-hanc-ing the
 []

<src/navigation bottom.png, id=548, 1031.855pt x 236.885pt>
File: src/navigation bottom.png Graphic file (type png)
<use src/navigation bottom.png>
Package pdftex.def Info: src/navigation bottom.png  used on input line 273.
(pdftex.def)             Requested size: 209.58255pt x 48.11353pt.

Underfull \hbox (badness 3503) in paragraph at lines 280--282
\OT1/ptm/m/n/10 for the over-all lay-out, in-clud-ing the Bot-tom-Nav-i-
 []


Underfull \hbox (badness 3646) in paragraph at lines 280--282
\OT1/ptm/m/n/10 ga-tion-View as a con-tainer at the bot-tom of the
 []


Underfull \hbox (badness 1571) in paragraph at lines 280--282
\OT1/ptm/m/n/10 app, and \OT1/pcr/m/n/10 menu/bottom_navigation_menu.xml
 []

<src/menu.png, id=549, 582.175pt x 1265.72874pt>
File: src/menu.png Graphic file (type png)
<use src/menu.png>
Package pdftex.def Info: src/menu.png  used on input line 287.
(pdftex.def)             Requested size: 122.85876pt x 267.10487pt.

Underfull \hbox (badness 2865) in paragraph at lines 292--294
\OT1/ptm/m/n/10 checks if the cur-rent frag-ment is an in-stance of
 []

[7 <./src/navigation bottom.png> <./src/menu.png>]
<src/main activity.pdf, id=560, 401.58029pt x 86.2422pt>
File: src/main activity.pdf Graphic file (type pdf)
<use src/main activity.pdf>
Package pdftex.def Info: src/main activity.pdf  used on input line 297.
(pdftex.def)             Requested size: 361.34999pt x 77.6054pt.

Underfull \hbox (badness 2680) in paragraph at lines 322--324
\OT1/pcr/m/n/10 DatabaseHelper \OT1/ptm/m/n/10 en-cap-su-lates the com-plex-ity
 of
 []

<src/datahelper.pdf, id=561, 281.13028pt x 206.6922pt>
File: src/datahelper.pdf Graphic file (type pdf)
<use src/datahelper.pdf>
Package pdftex.def Info: src/datahelper.pdf  used on input line 326.
(pdftex.def)             Requested size: 202.35622pt x 148.77725pt.
[8 <./src/main activity.pdf> <./src/datahelper.pdf

pdfTeX warning: /usr/bin/pdflatex (file ./src/datahelper.pdf): PDF inclusion: m
ultiple pdfs with page group included in a single page
>]
Underfull \hbox (badness 10000) in paragraph at lines 338--339
[]\OT1/pcr/m/n/10 getWritableDatabase \OT1/ptm/m/n/10 and
 []


Underfull \hbox (badness 10000) in paragraph at lines 338--339
\OT1/pcr/m/n/10 getReadableDatabase\OT1/ptm/m/n/10 , it ab-stracts the
 []


Underfull \hbox (badness 5431) in paragraph at lines 346--348
[]\OT1/ptm/b/n/10 Functionality Im-ple-men-ta-tion\OT1/ptm/m/n/10 : \OT1/pcr/m/
n/10 DatabaseHelper
 []


Underfull \vbox (badness 6396) has occurred while \output is active []


Underfull \hbox (badness 3746) in paragraph at lines 360--362
[]\OT1/ptm/b/n/10 Performance Con-sid-er-a-tions\OT1/ptm/m/n/10 : The per-for-m
ance of
 []

[9]
Underfull \hbox (badness 10000) in paragraph at lines 383--384
\OT1/ptm/m/n/10 and \OT1/pcr/m/n/10 LibraryFragment\OT1/ptm/m/n/10 , we dis-cov
-ered
 []


Underfull \hbox (badness 10000) in paragraph at lines 383--384
\OT1/ptm/m/n/10 that newer ver-sions of An-droid API sup-port
 []


Underfull \hbox (badness 10000) in paragraph at lines 383--384
\OT1/pcr/m/n/10 ExpandableListView\OT1/ptm/m/n/10 . This ne-ces-si-tated the
 []


Underfull \hbox (badness 10000) in paragraph at lines 383--384
\OT1/ptm/m/n/10 ef-fi-cient man-age-ment. \OT1/pcr/m/n/10 ExpandableListView
 []


Underfull \hbox (badness 4001) in paragraph at lines 385--386
[]\OT1/ptm/m/n/10 To ad-dress the nav-i-ga-tion is-sue, we tran-si-tioned
 []


Underfull \hbox (badness 10000) in paragraph at lines 385--386
\OT1/ptm/m/n/10 from us-ing sep-a-rate ac-tiv-i-ties to im-ple-ment-ing
 []


Underfull \hbox (badness 10000) in paragraph at lines 385--386
\OT1/ptm/m/n/10 frag-ments. This was achieved through a
 []


Underfull \hbox (badness 10000) in paragraph at lines 385--386
\OT1/pcr/m/n/10 OnNavigationItemSelectedListener \OT1/ptm/m/n/10 and
 []


Underfull \hbox (badness 10000) in paragraph at lines 385--386
\OT1/ptm/m/n/10 a \OT1/pcr/m/n/10 switchFragment(Fragment fragment)
 []


Underfull \hbox (badness 1810) in paragraph at lines 385--386
\OT1/ptm/m/n/10 method. This ap-proach not only re-duced re-source
 []

[10]
** WARNING: Ignoring useless \section in Appendix (line 422).
<src/record shortcut.png, id=660, 1213.53375pt x 2562.57375pt>
File: src/record shortcut.png Graphic file (type png)
<use src/record shortcut.png>
Package pdftex.def Info: src/record shortcut.png  used on input line 430.
(pdftex.def)             Requested size: 119.76802pt x 252.94499pt.
<src/control shortcut.png, id=661, 1213.53375pt x 2562.57375pt>
File: src/control shortcut.png Graphic file (type png)
<use src/control shortcut.png>
Package pdftex.def Info: src/control shortcut.png  used on input line 436.
(pdftex.def)             Requested size: 119.76802pt x 252.94499pt.
<src/history shortcut.png, id=662, 1213.53375pt x 2562.57375pt>
File: src/history shortcut.png Graphic file (type png)
<use src/history shortcut.png>
Package pdftex.def Info: src/history shortcut.png  used on input line 442.
(pdftex.def)             Requested size: 119.76802pt x 252.94499pt.
<src/library shortcut.png, id=663, 1213.53375pt x 2562.57375pt>
File: src/library shortcut.png Graphic file (type png)
<use src/library shortcut.png>
Package pdftex.def Info: src/library shortcut.png  used on input line 448.
(pdftex.def)             Requested size: 119.76802pt x 252.94499pt.

** Conference Paper **
Before submitting the final camera ready copy, remember to:

 1. Manually equalize the lengths of two columns on the last page
 of your paper;

 2. Ensure that any PostScript and/or PDF output post-processing
 uses only Type 1 fonts and that every step in the generation
 process uses the appropriate paper size.

[11 <./src/record shortcut.png> <./src/control shortcut.png> <./src/history sho
rtcut.png> <./src/library shortcut.png>] (./report.aux)

LaTeX Warning: There were undefined references.

Package rerunfilecheck Info: File `report.out' has not changed.
(rerunfilecheck)             Checksum: 43E597905C1105D1887E737EFBD608DF;2494.
 ) 
Here is how much of TeX's memory you used:
 11762 strings out of 476175
 186066 string characters out of 5796270
 1881793 words of memory out of 6000000
 31816 multiletter control sequences out of 15000+600000
 551041 words of font info for 107 fonts, out of 8000000 for 9000
 1137 hyphenation exceptions out of 8191
 72i,12n,77p,2024b,649s stack positions out of 10000i,1000n,20000p,200000b,200000s
{/usr/share/texlive/texmf-dist/fonts/enc/dvips/base/8r.enc}</usr/share/texliv
e/texmf-dist/fonts/type1/public/amsfonts/cm/cmmi8.pfb></usr/share/texlive/texmf
-dist/fonts/type1/public/amsfonts/cm/cmsy7.pfb></usr/share/texlive/texmf-dist/f
onts/type1/public/amsfonts/symbols/msam10.pfb></usr/share/texlive/texmf-dist/fo
nts/type1/urw/courier/ucrr8a.pfb></usr/share/texlive/texmf-dist/fonts/type1/urw
/times/utmb8a.pfb></usr/share/texlive/texmf-dist/fonts/type1/urw/times/utmbi8a.
pfb></usr/share/texlive/texmf-dist/fonts/type1/urw/times/utmr8a.pfb></usr/share
/texlive/texmf-dist/fonts/type1/urw/times/utmri8a.pfb>
Output written on report.pdf (11 pages, 3988015 bytes).
PDF statistics:
 730 PDF objects out of 1000 (max. 8388607)
 517 compressed objects within 6 object streams
 65 named destinations out of 1000 (max. 500000)
 228 words of extra memory for PDF output out of 10000 (max. 10000000)

